<?xml version="1.0" encoding="UTF-8"?>
<testng-results ignored="0" total="1" passed="1" failed="0" skipped="0">
  <reporter-output>
  </reporter-output>
  <suite started-at="2022-03-10T07:09:50Z" name="Default suite" finished-at="2022-03-10T07:09:53Z" duration-ms="3114">
    <groups>
    </groups>
    <test started-at="2022-03-10T07:09:50Z" name="Default test" finished-at="2022-03-10T07:09:53Z" duration-ms="3114">
      <class name="apitest.AthenRequest">
        <test-method signature="f()[pri:0, instance:apitest.AthenRequest@5e3d57c7]" started-at="2022-03-10T07:09:50Z" name="f" finished-at="2022-03-10T07:09:53Z" duration-ms="3092" status="PASS">
          <reporter-output>
          </reporter-output>
        </test-method> <!-- f -->
      </class> <!-- apitest.AthenRequest -->
    </test> <!-- Default test -->
  </suite> <!-- Default suite -->
</testng-results>
